<?xml version="1.0" encoding="UTF-8"?>
<!-- Generated by org.testng.reporters.JUnitXMLReporter -->
<testsuite hostname="DESKTOP-MO0FC5C" ignored="0" name="CrossBrowserTesting" tests="1" failures="0" timestamp="29 May 2019 09:44:38 GMT" time="0.058" errors="0">
  <testcase name="@BeforeTest setup" time="0.0" classname="Com.Selenium.Prac.CrossBrowserTesting">
    <failure type="org.testng.TestNGException" message="
Parameter &amp;apos;browser&amp;apos; is required by BeforeTest on method setup but has not been marked @Optional or defined
in C:\Users\mfcwl\git\Mahindrafirstchoice_Web\MahindraFirstChoice\testng1.xml">
      <![CDATA[org.testng.TestNGException: 
Parameter 'browser' is required by BeforeTest on method setup but has not been marked @Optional or defined
in C:\Users\mfcwl\git\Mahindrafirstchoice_Web\MahindraFirstChoice\testng1.xml
... Removed 21 stack frames]]>
    </failure>
  </testcase> <!-- @BeforeTest setup -->
  <testcase name="testParameterWithXML" time="0.0" classname="Com.Selenium.Prac.CrossBrowserTesting">
    <skipped/>
  </testcase> <!-- testParameterWithXML -->
</testsuite> <!-- CrossBrowserTesting -->
